f:\documents\visual studio 2015\projects\csci441assignment3\csci441assignment2\x64\debug\vc140.pdb
f:\documents\visual studio 2015\projects\csci441assignment3\csci441assignment2\x64\debug\vc140.idb
f:\documents\visual studio 2015\projects\csci441assignment3\csci441assignment2\x64\debug\main.obj
f:\documents\visual studio 2015\projects\csci441assignment3\csci441assignment2\x64\debug\maze.obj
f:\documents\visual studio 2015\projects\csci441assignment3\csci441assignment2\x64\debug\maze3d.obj
f:\documents\visual studio 2015\projects\csci441assignment3\csci441assignment2\x64\debug\mazenode.obj
f:\documents\visual studio 2015\projects\csci441assignment3\csci441assignment2\x64\debug\openglshaderloader.obj
f:\documents\visual studio 2015\projects\csci441assignment3\csci441assignment2\x64\debug\test.obj
f:\documents\visual studio 2015\projects\csci441assignment3\csci441assignment2\x64\debug\gamemodels.obj
c:\users\pttn40\documents\visual studio 2015\projects\csci441assignment3\csci441assignment2\x64\debug\vc140.pdb
f:\documents\visual studio 2015\projects\csci441assignment3\x64\debug\csci441_assignment3.ilk
f:\documents\visual studio 2015\projects\csci441assignment3\x64\debug\csci441_assignment3.exe
f:\documents\visual studio 2015\projects\csci441assignment3\x64\debug\csci441_assignment3.pdb
c:\users\pttn40\documents\visual studio 2015\projects\csci441assignment3\x64\debug\csci441_assignment3.ilk
c:\users\pttn40\documents\visual studio 2015\projects\csci441assignment3\x64\debug\csci441_assignment3.exe
c:\users\pttn40\documents\visual studio 2015\projects\csci441assignment3\x64\debug\csci441_assignment3.pdb
f:\documents\visual studio 2015\projects\csci441assignment3\csci441assignment2\x64\debug\csci441_.ce0b5ae2.tlog\cl.command.1.tlog
f:\documents\visual studio 2015\projects\csci441assignment3\csci441assignment2\x64\debug\csci441_.ce0b5ae2.tlog\cl.read.1.tlog
f:\documents\visual studio 2015\projects\csci441assignment3\csci441assignment2\x64\debug\csci441_.ce0b5ae2.tlog\cl.write.1.tlog
f:\documents\visual studio 2015\projects\csci441assignment3\csci441assignment2\x64\debug\csci441_.ce0b5ae2.tlog\fxc.command.1.tlog
f:\documents\visual studio 2015\projects\csci441assignment3\csci441assignment2\x64\debug\csci441_.ce0b5ae2.tlog\fxc.read.1.tlog
f:\documents\visual studio 2015\projects\csci441assignment3\csci441assignment2\x64\debug\csci441_.ce0b5ae2.tlog\fxc.write.1.tlog
f:\documents\visual studio 2015\projects\csci441assignment3\csci441assignment2\x64\debug\csci441_.ce0b5ae2.tlog\link.command.1.tlog
f:\documents\visual studio 2015\projects\csci441assignment3\csci441assignment2\x64\debug\csci441_.ce0b5ae2.tlog\link.read.1.tlog
f:\documents\visual studio 2015\projects\csci441assignment3\csci441assignment2\x64\debug\csci441_.ce0b5ae2.tlog\link.write.1.tlog
